
Cadence Innovus(TM) Implementation System.
Copyright 2021 Cadence Design Systems, Inc. All rights reserved worldwide.

Version:	v21.18-s099_1, built Tue Jul 18 13:03:50 PDT 2023
Options:	
Date:		Thu May  9 15:36:01 2024
Host:		student04 (x86_64 w/Linux 3.10.0-1160.62.1.el7.x86_64) (8cores*32cpus*Intel(R) Xeon(R) CPU E5-2620 v4 @ 2.10GHz 20480KB)
OS:		Red Hat Enterprise Linux

License:
		[15:36:01.417665] Configured Lic search path (21.01-s002): /escnfs/home/csesoft/cadence/installs/license.txt

		invs	Innovus Implementation System	21.1	checkout succeeded
		8 CPU jobs allowed with the current license(s). Use setMultiCpuUsage to set your required CPU count.
Change the soft stacksize limit to 0.2%RAM (63 mbytes). Set global soft_stack_size_limit to change the value.

**INFO:  MMMC transition support version v31-84 

<CMD> set_global _enable_mmmc_by_default_flow      $CTE::mmmc_default
<CMD> suppressMessage ENCEXT-2799
<CMD> getVersion
[INFO] Loading PVS 23.11 fill procedures
<CMD> win
can't read "TECH_MODULE_DIR": no such variable
can't read "env(TECH_MODULE_DIR)": no such variable
<CMD> set init_gnd_net vssx
<CMD> set init_lef_file {../../intel16libs/pdk224_r0.9.2/apr/cadence/m11_1x_3xa_1xb_1xc_2yb_2ga_mim2_1gb__bumpp/6t108_tp0/p1222.lef ../../intel16libs/std_cells/base_nom/lef/lib224_b0m_6t_108pp_base_nom.lef ../../intel16libs/std_cells/seq_nom/lef/lib224_b0m_6t_108pp_seq_nom.lef ../../intel16libs/pdk224_r0.9.2/libraries/tic/lef/m11_1x_3xa_1xb_1xc_2yb_2ga_mim2_1gb__bumpp/intel22tic.lef ../../intel16libs/adf224_r0.9HP1_c/asicflows/cadence/tech.dot4.6t108.tp0/via_pillar.lef}
<CMD> set init_design_settop 0
<CMD> set init_verilog ../synth/riscv_stub_synth.v
<CMD> set init_pwr_net vcc
<CMD> init_design

Loading LEF file ../../intel16libs/pdk224_r0.9.2/apr/cadence/m11_1x_3xa_1xb_1xc_2yb_2ga_mim2_1gb__bumpp/6t108_tp0/p1222.lef ...

Loading LEF file ../../intel16libs/std_cells/base_nom/lef/lib224_b0m_6t_108pp_base_nom.lef ...
Set DBUPerIGU to M1 pitch 216.

Loading LEF file ../../intel16libs/std_cells/seq_nom/lef/lib224_b0m_6t_108pp_seq_nom.lef ...

Loading LEF file ../../intel16libs/pdk224_r0.9.2/libraries/tic/lef/m11_1x_3xa_1xb_1xc_2yb_2ga_mim2_1gb__bumpp/intel22tic.lef ...

Loading LEF file ../../intel16libs/adf224_r0.9HP1_c/asicflows/cadence/tech.dot4.6t108.tp0/via_pillar.lef ...
**WARN: (IMPLF-201):	Pin 'edm_res0' in macro 'tic22_b841_s22_8x8_er_edm_prs' has no ANTENNADIFFAREA value defined. The library data is incomplete and some process antenna rules will not be checked correctly.
Type 'man IMPLF-201' for more detail.
**WARN: (IMPLF-200):	Pin 'edm_res0' in macro 'tic22_b841_s22_8x8_er_edm_prs' has no ANTENNAGATEAREA value defined. The library data is incomplete and some process antenna rules will not be checked correctly.
Type 'man IMPLF-200' for more detail.
**WARN: (IMPLF-201):	Pin 'edm_res1' in macro 'tic22_b841_s22_8x8_er_edm_prs' has no ANTENNADIFFAREA value defined. The library data is incomplete and some process antenna rules will not be checked correctly.
Type 'man IMPLF-201' for more detail.
**WARN: (IMPLF-200):	Pin 'edm_res1' in macro 'tic22_b841_s22_8x8_er_edm_prs' has no ANTENNAGATEAREA value defined. The library data is incomplete and some process antenna rules will not be checked correctly.
Type 'man IMPLF-200' for more detail.
**WARN: (IMPLF-201):	Pin 'edm_res0' in macro 'tic22_b841_s22_8x8_edm' has no ANTENNADIFFAREA value defined. The library data is incomplete and some process antenna rules will not be checked correctly.
Type 'man IMPLF-201' for more detail.
**WARN: (IMPLF-200):	Pin 'edm_res0' in macro 'tic22_b841_s22_8x8_edm' has no ANTENNAGATEAREA value defined. The library data is incomplete and some process antenna rules will not be checked correctly.
Type 'man IMPLF-200' for more detail.
**WARN: (IMPLF-201):	Pin 'edm_res1' in macro 'tic22_b841_s22_8x8_edm' has no ANTENNADIFFAREA value defined. The library data is incomplete and some process antenna rules will not be checked correctly.
Type 'man IMPLF-201' for more detail.
**WARN: (IMPLF-200):	Pin 'edm_res1' in macro 'tic22_b841_s22_8x8_edm' has no ANTENNAGATEAREA value defined. The library data is incomplete and some process antenna rules will not be checked correctly.
Type 'man IMPLF-200' for more detail.
**WARN: (IMPLF-201):	Pin 'edm_res0' in macro 'tic22_b841_s22_8x4_er_edm_prs' has no ANTENNADIFFAREA value defined. The library data is incomplete and some process antenna rules will not be checked correctly.
Type 'man IMPLF-201' for more detail.
**WARN: (IMPLF-200):	Pin 'edm_res0' in macro 'tic22_b841_s22_8x4_er_edm_prs' has no ANTENNAGATEAREA value defined. The library data is incomplete and some process antenna rules will not be checked correctly.
Type 'man IMPLF-200' for more detail.
**WARN: (IMPLF-201):	Pin 'edm_res1' in macro 'tic22_b841_s22_8x4_er_edm_prs' has no ANTENNADIFFAREA value defined. The library data is incomplete and some process antenna rules will not be checked correctly.
Type 'man IMPLF-201' for more detail.
**WARN: (IMPLF-200):	Pin 'edm_res1' in macro 'tic22_b841_s22_8x4_er_edm_prs' has no ANTENNAGATEAREA value defined. The library data is incomplete and some process antenna rules will not be checked correctly.
Type 'man IMPLF-200' for more detail.
**WARN: (IMPLF-201):	Pin 'edm_res1' in macro 'tic22_b841_s22_8x4_edm' has no ANTENNADIFFAREA value defined. The library data is incomplete and some process antenna rules will not be checked correctly.
Type 'man IMPLF-201' for more detail.
**WARN: (IMPLF-200):	Pin 'edm_res1' in macro 'tic22_b841_s22_8x4_edm' has no ANTENNAGATEAREA value defined. The library data is incomplete and some process antenna rules will not be checked correctly.
Type 'man IMPLF-200' for more detail.
**WARN: (IMPLF-201):	Pin 'edm_res0' in macro 'tic22_b841_s22_8x4_edm' has no ANTENNADIFFAREA value defined. The library data is incomplete and some process antenna rules will not be checked correctly.
Type 'man IMPLF-201' for more detail.
**WARN: (IMPLF-200):	Pin 'edm_res0' in macro 'tic22_b841_s22_8x4_edm' has no ANTENNAGATEAREA value defined. The library data is incomplete and some process antenna rules will not be checked correctly.
Type 'man IMPLF-200' for more detail.
**WARN: (IMPLF-201):	Pin 'edm_res0' in macro 'tic22_b841_s22_8x12_er_edm_prs' has no ANTENNADIFFAREA value defined. The library data is incomplete and some process antenna rules will not be checked correctly.
Type 'man IMPLF-201' for more detail.
**WARN: (IMPLF-200):	Pin 'edm_res0' in macro 'tic22_b841_s22_8x12_er_edm_prs' has no ANTENNAGATEAREA value defined. The library data is incomplete and some process antenna rules will not be checked correctly.
Type 'man IMPLF-200' for more detail.
**WARN: (IMPLF-201):	Pin 'edm_res1' in macro 'tic22_b841_s22_8x12_er_edm_prs' has no ANTENNADIFFAREA value defined. The library data is incomplete and some process antenna rules will not be checked correctly.
Type 'man IMPLF-201' for more detail.
**WARN: (IMPLF-200):	Pin 'edm_res1' in macro 'tic22_b841_s22_8x12_er_edm_prs' has no ANTENNAGATEAREA value defined. The library data is incomplete and some process antenna rules will not be checked correctly.
Type 'man IMPLF-200' for more detail.
**WARN: (IMPLF-201):	Pin 'edm_res1' in macro 'tic22_b841_s22_8x12_edm' has no ANTENNADIFFAREA value defined. The library data is incomplete and some process antenna rules will not be checked correctly.
Type 'man IMPLF-201' for more detail.
**WARN: (IMPLF-200):	Pin 'edm_res1' in macro 'tic22_b841_s22_8x12_edm' has no ANTENNAGATEAREA value defined. The library data is incomplete and some process antenna rules will not be checked correctly.
Type 'man IMPLF-200' for more detail.
**WARN: (IMPLF-201):	Pin 'edm_res0' in macro 'tic22_b841_s22_8x12_edm' has no ANTENNADIFFAREA value defined. The library data is incomplete and some process antenna rules will not be checked correctly.
Type 'man IMPLF-201' for more detail.
**WARN: (IMPLF-200):	Pin 'edm_res0' in macro 'tic22_b841_s22_8x12_edm' has no ANTENNAGATEAREA value defined. The library data is incomplete and some process antenna rules will not be checked correctly.
Type 'man IMPLF-200' for more detail.
**WARN: (IMPLF-201):	Pin 'edm_res0' in macro 'tic22_b841_s22_4x8_er_edm_prs' has no ANTENNADIFFAREA value defined. The library data is incomplete and some process antenna rules will not be checked correctly.
Type 'man IMPLF-201' for more detail.
**WARN: (IMPLF-200):	Pin 'edm_res0' in macro 'tic22_b841_s22_4x8_er_edm_prs' has no ANTENNAGATEAREA value defined. The library data is incomplete and some process antenna rules will not be checked correctly.
Type 'man IMPLF-200' for more detail.
**WARN: (IMPLF-201):	Pin 'edm_res1' in macro 'tic22_b841_s22_4x8_er_edm_prs' has no ANTENNADIFFAREA value defined. The library data is incomplete and some process antenna rules will not be checked correctly.
Type 'man IMPLF-201' for more detail.
**WARN: (IMPLF-200):	Pin 'edm_res1' in macro 'tic22_b841_s22_4x8_er_edm_prs' has no ANTENNAGATEAREA value defined. The library data is incomplete and some process antenna rules will not be checked correctly.
Type 'man IMPLF-200' for more detail.
**WARN: (IMPLF-201):	Pin 'edm_res0' in macro 'tic22_b841_s22_4x8_edm' has no ANTENNADIFFAREA value defined. The library data is incomplete and some process antenna rules will not be checked correctly.
Type 'man IMPLF-201' for more detail.
**WARN: (IMPLF-200):	Pin 'edm_res0' in macro 'tic22_b841_s22_4x8_edm' has no ANTENNAGATEAREA value defined. The library data is incomplete and some process antenna rules will not be checked correctly.
Type 'man IMPLF-200' for more detail.
**WARN: (IMPLF-201):	Pin 'edm_res1' in macro 'tic22_b841_s22_4x8_edm' has no ANTENNADIFFAREA value defined. The library data is incomplete and some process antenna rules will not be checked correctly.
Type 'man IMPLF-201' for more detail.
**WARN: (IMPLF-200):	Pin 'edm_res1' in macro 'tic22_b841_s22_4x8_edm' has no ANTENNAGATEAREA value defined. The library data is incomplete and some process antenna rules will not be checked correctly.
Type 'man IMPLF-200' for more detail.
**WARN: (IMPLF-201):	Pin 'edm_res1' in macro 'tic22_b841_s22_4x4_er_edm_prs' has no ANTENNADIFFAREA value defined. The library data is incomplete and some process antenna rules will not be checked correctly.
Type 'man IMPLF-201' for more detail.
**WARN: (IMPLF-200):	Pin 'edm_res1' in macro 'tic22_b841_s22_4x4_er_edm_prs' has no ANTENNAGATEAREA value defined. The library data is incomplete and some process antenna rules will not be checked correctly.
Type 'man IMPLF-200' for more detail.
**WARN: (IMPLF-201):	Pin 'edm_res0' in macro 'tic22_b841_s22_4x4_er_edm_prs' has no ANTENNADIFFAREA value defined. The library data is incomplete and some process antenna rules will not be checked correctly.
Type 'man IMPLF-201' for more detail.
**WARN: (IMPLF-200):	Pin 'edm_res0' in macro 'tic22_b841_s22_4x4_er_edm_prs' has no ANTENNAGATEAREA value defined. The library data is incomplete and some process antenna rules will not be checked correctly.
Type 'man IMPLF-200' for more detail.
**WARN: (IMPLF-201):	Pin 'edm_res1' in macro 'tic22_b841_s22_4x4_edm' has no ANTENNADIFFAREA value defined. The library data is incomplete and some process antenna rules will not be checked correctly.
Type 'man IMPLF-201' for more detail.
**WARN: (IMPLF-200):	Pin 'edm_res1' in macro 'tic22_b841_s22_4x4_edm' has no ANTENNAGATEAREA value defined. The library data is incomplete and some process antenna rules will not be checked correctly.
Type 'man IMPLF-200' for more detail.
**WARN: (IMPLF-201):	Pin 'edm_res0' in macro 'tic22_b841_s22_4x4_edm' has no ANTENNADIFFAREA value defined. The library data is incomplete and some process antenna rules will not be checked correctly.
Type 'man IMPLF-201' for more detail.
**WARN: (IMPLF-200):	Pin 'edm_res0' in macro 'tic22_b841_s22_4x4_edm' has no ANTENNAGATEAREA value defined. The library data is incomplete and some process antenna rules will not be checked correctly.
Type 'man IMPLF-200' for more detail.
**WARN: (EMS-27):	Message (IMPLF-201) has exceeded the current message display limit of 20.
To increase the message display limit, refer to the product command reference manual.
**WARN: (EMS-27):	Message (IMPLF-200) has exceeded the current message display limit of 20.
To increase the message display limit, refer to the product command reference manual.
##     Node: ICF           (AutoDetect)         
*** End library_loading (cpu=0.00min, real=0.00min, mem=0.0M, fe_cpu=5.05min, fe_real=10.87min, fe_mem=1044.3M) ***
#% Begin Load netlist data ... (date=05/09 15:46:52, mem=859.7M)
*** Begin netlist parsing (mem=1044.3M) ***
Created 0 new cells from 0 timing libraries.
Reading netlist ...
Backslashed names will retain backslash and a trailing blank character.
Reading verilog netlist '../synth/riscv_stub_synth.v'

*** Memory Usage v#1 (Current mem = 1048.262M, initial mem = 486.090M) ***
*** End netlist parsing (cpu=0:00:00.0, real=0:00:00.0, mem=1048.3M) ***
#% End Load netlist data ... (date=05/09 15:46:52, total cpu=0:00:00.0, real=0:00:00.0, peak res=865.3M, current mem=865.3M)
Top level cell is riscv_stub.
Hooked 0 DB cells to tlib cells.
Starting recursive module instantiation check.
No recursion found.
Building hierarchical netlist for Cell riscv_stub ...
*** Netlist is unique.
** info: there are 909 modules.
** info: there are 3698 stdCell insts.

*** Memory Usage v#1 (Current mem = 1097.688M, initial mem = 486.090M) ***
**WARN: (IMPFP-3961):	The techSite 'bonuscore_6T_108pp' has no related standard cells in the LEF/OA library. The calculations for this site type cannot be made unless standard cell models of this type exist in the LEF/OA library. Ignore this warning if the SITE is not used by the library. Alternatively, remove the SITE definition for the LEF/OA library to avoid this message.
Type 'man IMPFP-3961' for more detail.
**WARN: (IMPFP-3961):	The techSite 'core2h_6T_108pp' has no related standard cells in the LEF/OA library. The calculations for this site type cannot be made unless standard cell models of this type exist in the LEF/OA library. Ignore this warning if the SITE is not used by the library. Alternatively, remove the SITE definition for the LEF/OA library to avoid this message.
Type 'man IMPFP-3961' for more detail.

Honor LEF defined pitches for advanced node
Horizontal Layer M2 offset = 90 (derived)
Vertical Layer M1 offset = 0 (derived)
Start create_tracks
**WARN: (IMPSYT-7328):	The design has been initialized in physical-only mode because the init_mmmc_file global variable was not defined. Timing analysis will not be possible within this session. You can only use commands that do not depend on timing data. If you need to use timing, you need to restart with an init_mmmc_file to define the timing setup, or you can save this design and use restoreDesign -mmmc_file <viewDef.tcl> to add the timing setup information.
Extraction setup Started 

*** Summary of all messages that are not suppressed in this session:
Severity  ID               Count  Summary                                  
WARNING   IMPLF-200           51  Pin '%s' in macro '%s' has no ANTENNAGAT...
WARNING   IMPLF-201           48  Pin '%s' in macro '%s' has no ANTENNADIF...
WARNING   IMPFP-3961           2  The techSite '%s' has no related standar...
WARNING   IMPSYT-7328          1  The design has been initialized in physi...
*** Message Summary: 102 warning(s), 0 error(s)

<CMD> zoomBox -2.44850 2.95150 1.76400 -1.87750
<CMD> zoomBox -0.31050 0.45300 0.18050 -0.10850
<CMD> fit
<CMD> man IMPSYT-7328
<CMD> man IMPFP-3961

--------------------------------------------------------------------------------
Exiting Innovus on Thu May  9 15:48:50 2024
  Total CPU time:     0:05:18
  Total real time:    0:12:52
  Peak memory (main): 1156.23MB


*** Memory Usage v#1 (Current mem = 1355.000M, initial mem = 486.090M) ***
*** Message Summary: 102 warning(s), 0 error(s)

--- Ending "Innovus" (totcpu=0:05:18, real=0:12:49, mem=1355.0M) ---
